<?xml version="1.0" encoding="UTF-8"?>
<!-- Generated by org.testng.reporters.JUnitReportReporter -->
<testsuite hostname="DESKTOP-4FFBNMC" failures="0" tests="2" name="TestNGSamples.TableHandling2" time="42.614" errors="0" timestamp="2023-01-30T14:40:28 IST" skipped="1">
  <testcase classname="TestNGSamples.TableHandling2" name="verifyEdition" time="42.614"/>
  <system-out/>
  <testcase classname="TestNGSamples.TableHandling2" name="tableHandling">
    <skipped/>
  </testcase> <!-- tableHandling -->
  <system-out/>
</testsuite> <!-- TestNGSamples.TableHandling2 -->
