<?xml version="1.0" encoding="UTF-8"?>
<!-- Generated by org.testng.reporters.JUnitReportReporter -->
<testsuite hostname="DESKTOP-4FFBNMC" failures="0" tests="4" name="TestNGSamples.TableHandling1" time="15.072" errors="0" timestamp="2023-01-30T10:45:08 IST" skipped="0">
  <testcase classname="TestNGSamples.TableHandling1" name="printTheHeadingOfTheTable" time="3.452"/>
  <system-out/>
  <testcase classname="TestNGSamples.TableHandling1" name="printValuesFrom3rdRow4thRow" time="5.384"/>
  <system-out/>
  <testcase classname="TestNGSamples.TableHandling1" name="printAllValuesFromTheTable" time="3.233"/>
  <system-out/>
  <testcase classname="TestNGSamples.TableHandling1" name="printValuesFrom3rdRow" time="3.003"/>
  <system-out/>
</testsuite> <!-- TestNGSamples.TableHandling1 -->
