<?xml version="1.0" encoding="UTF-8"?>
<!-- Generated by org.testng.reporters.JUnitReportReporter -->
<testsuite hostname="DESKTOP-4FFBNMC" failures="0" tests="1" name="TestNGSamples.AnnotatinsHierarchyEx" time="0.019" errors="0" timestamp="2023-01-13T10:30:06 IST" skipped="0">
  <testcase classname="TestNGSamples.AnnotatinsHierarchyEx" name="testCase1" time="0.019"/>
  <system-out/>
</testsuite> <!-- TestNGSamples.AnnotatinsHierarchyEx -->
