<?xml version="1.0" encoding="UTF-8"?>
<!-- Generated by org.testng.reporters.JUnitReportReporter -->
<testsuite hostname="DESKTOP-4FFBNMC" failures="0" tests="1" name="TestNGSamples.TableHandling" time="3.971" errors="0" timestamp="2023-01-29T19:26:32 IST" skipped="0">
  <testcase classname="TestNGSamples.TableHandling" name="printValuesFrom3rdRow" time="3.971"/>
  <system-out/>
</testsuite> <!-- TestNGSamples.TableHandling -->
